<?xml version="1.0" encoding="UTF-8"?>
<!-- Generated by org.testng.reporters.JUnitXMLReporter -->
<testsuite ignored="0" hostname="W-PF1CV0CB" failures="1" tests="6" name="AutomateWay2Automation" time="304.716" errors="0" timestamp="2020-08-07T23:54:46 IST">
  <testcase classname="com.way2automation.demo.tests.AutomateWay2Automation" name="registration" time="17.055"/>
  <testcase classname="com.way2automation.demo.tests.AutomateWay2Automation" name="dynamicElements" time="44.643">
    <failure type="java.lang.AssertionError" message="expected [Argentina] but found []">
      <![CDATA[java.lang.AssertionError: expected [Argentina] but found []
at com.way2automation.demo.tests.AutomateWay2Automation.dynamicElements(AutomateWay2Automation.java:139)
at java.base/java.util.ArrayList.forEach(ArrayList.java:1540)
... Removed 33 stack frames]]>
    </failure>
  </testcase> <!-- dynamicElements -->
  <testcase classname="com.way2automation.demo.tests.AutomateWay2Automation" name="WidgetsMenuTabs" time="38.519"/>
  <testcase classname="com.way2automation.demo.tests.AutomateWay2Automation" name="Alerts" time="51.735"/>
  <testcase classname="com.way2automation.demo.tests.AutomateWay2Automation" name="WidgetDatePicker" time="36.229"/>
  <testcase classname="com.way2automation.demo.tests.AutomateWay2Automation" name="FramesAndWindows" time="40.361"/>
</testsuite> <!-- AutomateWay2Automation -->
