<?xml version="1.0" encoding="UTF-8"?>
<!-- Generated by org.testng.reporters.JUnitXMLReporter -->
<testsuite ignored="5" hostname="W-PF1CV0CB" failures="0" tests="1" name="Default test" time="54.5" errors="0" timestamp="2020-08-07T23:47:31 IST">
  <testcase classname="com.way2automation.demo.tests.AutomateWay2Automation" name="FramesAndWindows" time="40.324"/>
  <testcase classname="com.way2automation.demo.tests.AutomateWay2Automation" name="Alerts" time="0.0">
    <ignored/>
  </testcase> <!-- Alerts -->
  <testcase classname="com.way2automation.demo.tests.AutomateWay2Automation" name="registration" time="0.0">
    <ignored/>
  </testcase> <!-- registration -->
  <testcase classname="com.way2automation.demo.tests.AutomateWay2Automation" name="dynamicElements" time="0.0">
    <ignored/>
  </testcase> <!-- dynamicElements -->
  <testcase classname="com.way2automation.demo.tests.AutomateWay2Automation" name="WidgetsMenuTabs" time="0.0">
    <ignored/>
  </testcase> <!-- WidgetsMenuTabs -->
  <testcase classname="com.way2automation.demo.tests.AutomateWay2Automation" name="WidgetDatePicker" time="0.0">
    <ignored/>
  </testcase> <!-- WidgetDatePicker -->
</testsuite> <!-- Default test -->
