<?xml version="1.0" encoding="UTF-8"?>
<testsuite xmlns:xsi="http://www.w3.org/2001/XMLSchema-instance" xsi:noNamespaceSchemaLocation="https://maven.apache.org/surefire/maven-surefire-plugin/xsd/surefire-test-report.xsd" name="TestSuite" time="74.74" tests="6" errors="0" skipped="5" failures="1">
  <properties>
[...]
</properties>
  <testcase name="setup" classname="com.way2automation.demo.tests.AutomateWay2Automation" time="74.387">
    <failure message="no such window: target window already closed&#10;from unknown error: web view not found&#10;  (Session info: chrome=84.0.4147.105)&#10;Build info: version: &apos;3.141.59&apos;, revision: &apos;e82be7d358&apos;, time: &apos;2018-11-14T08:17:03&apos;&#10;System info: host: &apos;W-PF1CV0CB&apos;, ip: &apos;192.168.29.98&apos;, os.name: &apos;Windows 10&apos;, os.arch: &apos;amd64&apos;, os.version: &apos;10.0&apos;, java.version: &apos;11.0.7&apos;&#10;Driver info: org.openqa.selenium.chrome.ChromeDriver&#10;Capabilities {acceptInsecureCerts: false, browserName: chrome, browserVersion: 84.0.4147.105, chrome: {chromedriverVersion: 84.0.4147.30 (48b3e868b4cc0..., userDataDir: C:\Users\I504064\AppData\Lo...}, goog:chromeOptions: {debuggerAddress: localhost:55866}, javascriptEnabled: true, networkConnectionEnabled: false, pageLoadStrategy: normal, platform: WINDOWS, platformName: WINDOWS, proxy: Proxy(), setWindowRect: true, strictFileInteractability: false, timeouts: {implicit: 0, pageLoad: 300000, script: 30000}, unhandledPromptBehavior: dismiss and notify, webauthn:virtualAuthenticators: true}&#10;Session ID: 114af2247d7b9f7cde1b7288a56fc322" type="org.openqa.selenium.NoSuchWindowException">org.openqa.selenium.NoSuchWindowException: 
no such window: target window already closed
from unknown error: web view not found
  (Session info: chrome=84.0.4147.105)
Build info: version: '3.141.59', revision: 'e82be7d358', time: '2018-11-14T08:17:03'
System info: host: 'W-PF1CV0CB', ip: '192.168.29.98', os.name: 'Windows 10', os.arch: 'amd64', os.version: '10.0', java.version: '11.0.7'
Driver info: org.openqa.selenium.chrome.ChromeDriver
Capabilities {acceptInsecureCerts: false, browserName: chrome, browserVersion: 84.0.4147.105, chrome: {chromedriverVersion: 84.0.4147.30 (48b3e868b4cc0..., userDataDir: C:\Users\I504064\AppData\Lo...}, goog:chromeOptions: {debuggerAddress: localhost:55866}, javascriptEnabled: true, networkConnectionEnabled: false, pageLoadStrategy: normal, platform: WINDOWS, platformName: WINDOWS, proxy: Proxy(), setWindowRect: true, strictFileInteractability: false, timeouts: {implicit: 0, pageLoad: 300000, script: 30000}, unhandledPromptBehavior: dismiss and notify, webauthn:virtualAuthenticators: true}
Session ID: 114af2247d7b9f7cde1b7288a56fc322
	at com.way2automation.demo.tests.AutomateWay2Automation.setup(AutomateWay2Automation.java:60)
</failure>
    <system-err><![CDATA[Starting ChromeDriver 84.0.4147.30 (48b3e868b4cc0aa7e8149519690b6f6949e110a8-refs/branch-heads/4147@{#310}) on port 40021
Only local connections are allowed.
Please see https://chromedriver.chromium.org/security-considerations for suggestions on keeping ChromeDriver safe.
ChromeDriver was started successfully.
Aug 07, 2020 9:25:25 AM org.openqa.selenium.remote.ProtocolHandshake createSession
INFO: Detected dialect: W3C
]]></system-err>
  </testcase>
  <testcase name="setup" classname="com.way2automation.demo.tests.AutomateWay2Automation" time="0">
    <skipped/>
  </testcase>
  <testcase name="registration" classname="com.way2automation.demo.tests.AutomateWay2Automation" time="0">
    <skipped message="no such window: target window already closed&#10;from unknown error: web view not found&#10;  (Session info: chrome=84.0.4147.105)&#10;Build info: version: &apos;3.141.59&apos;, revision: &apos;e82be7d358&apos;, time: &apos;2018-11-14T08:17:03&apos;&#10;System info: host: &apos;W-PF1CV0CB&apos;, ip: &apos;192.168.29.98&apos;, os.name: &apos;Windows 10&apos;, os.arch: &apos;amd64&apos;, os.version: &apos;10.0&apos;, java.version: &apos;11.0.7&apos;&#10;Driver info: org.openqa.selenium.chrome.ChromeDriver&#10;Capabilities {acceptInsecureCerts: false, browserName: chrome, browserVersion: 84.0.4147.105, chrome: {chromedriverVersion: 84.0.4147.30 (48b3e868b4cc0..., userDataDir: C:\Users\I504064\AppData\Lo...}, goog:chromeOptions: {debuggerAddress: localhost:55866}, javascriptEnabled: true, networkConnectionEnabled: false, pageLoadStrategy: normal, platform: WINDOWS, platformName: WINDOWS, proxy: Proxy(), setWindowRect: true, strictFileInteractability: false, timeouts: {implicit: 0, pageLoad: 300000, script: 30000}, unhandledPromptBehavior: dismiss and notify, webauthn:virtualAuthenticators: true}&#10;Session ID: 114af2247d7b9f7cde1b7288a56fc322"/>
  </testcase>
  <testcase name="afterMethod" classname="com.way2automation.demo.tests.AutomateWay2Automation" time="0">
    <skipped/>
  </testcase>
  <testcase name="afterMethod" classname="com.way2automation.demo.tests.AutomateWay2Automation" time="0">
    <skipped/>
  </testcase>
  <testcase name="WidgetsMenuTabs" classname="com.way2automation.demo.tests.AutomateWay2Automation" time="0">
    <skipped message="no such window: target window already closed&#10;from unknown error: web view not found&#10;  (Session info: chrome=84.0.4147.105)&#10;Build info: version: &apos;3.141.59&apos;, revision: &apos;e82be7d358&apos;, time: &apos;2018-11-14T08:17:03&apos;&#10;System info: host: &apos;W-PF1CV0CB&apos;, ip: &apos;192.168.29.98&apos;, os.name: &apos;Windows 10&apos;, os.arch: &apos;amd64&apos;, os.version: &apos;10.0&apos;, java.version: &apos;11.0.7&apos;&#10;Driver info: org.openqa.selenium.chrome.ChromeDriver&#10;Capabilities {acceptInsecureCerts: false, browserName: chrome, browserVersion: 84.0.4147.105, chrome: {chromedriverVersion: 84.0.4147.30 (48b3e868b4cc0..., userDataDir: C:\Users\I504064\AppData\Lo...}, goog:chromeOptions: {debuggerAddress: localhost:55866}, javascriptEnabled: true, networkConnectionEnabled: false, pageLoadStrategy: normal, platform: WINDOWS, platformName: WINDOWS, proxy: Proxy(), setWindowRect: true, strictFileInteractability: false, timeouts: {implicit: 0, pageLoad: 300000, script: 30000}, unhandledPromptBehavior: dismiss and notify, webauthn:virtualAuthenticators: true}&#10;Session ID: 114af2247d7b9f7cde1b7288a56fc322"/>
  </testcase>
</testsuite>