<?xml version="1.0" encoding="UTF-8"?>
<testng-results ignored="0" total="6" passed="5" failed="1" skipped="0">
  <reporter-output>
  </reporter-output>
  <suite started-at="2020-08-07T23:49:41 IST" name="Way2AutomationDemo" finished-at="2020-08-07T23:54:46 IST" duration-ms="304716">
    <groups>
    </groups>
    <test started-at="2020-08-07T23:49:41 IST" name="AutomateWay2Automation" finished-at="2020-08-07T23:54:46 IST" duration-ms="304716">
      <class name="com.way2automation.demo.tests.AutomateWay2Automation">
        <test-method is-config="true" signature="startReport()[pri:0, instance:com.way2automation.demo.tests.AutomateWay2Automation@4da4253]" started-at="2020-08-07T23:49:41 IST" name="startReport" finished-at="2020-08-07T23:49:42 IST" duration-ms="187" status="PASS">
          <reporter-output>
          </reporter-output>
        </test-method> <!-- startReport -->
        <test-method is-config="true" signature="setup()[pri:0, instance:com.way2automation.demo.tests.AutomateWay2Automation@4da4253]" started-at="2020-08-07T23:49:42 IST" name="setup" finished-at="2020-08-07T23:49:54 IST" duration-ms="12783" status="PASS">
          <reporter-output>
          </reporter-output>
        </test-method> <!-- setup -->
        <test-method signature="registration()[pri:1, instance:com.way2automation.demo.tests.AutomateWay2Automation@4da4253]" started-at="2020-08-07T23:49:54 IST" name="registration" finished-at="2020-08-07T23:50:11 IST" duration-ms="17055" status="PASS">
          <reporter-output>
          </reporter-output>
        </test-method> <!-- registration -->
        <test-method is-config="true" signature="afterMethod(org.testng.ITestResult)[pri:0, instance:com.way2automation.demo.tests.AutomateWay2Automation@4da4253]" started-at="2020-08-07T23:50:11 IST" name="afterMethod" finished-at="2020-08-07T23:50:13 IST" duration-ms="1139" status="PASS">
          <params>
            <param index="0">
              <value>
                <![CDATA[[TestResult name=registration status=SUCCESS method=AutomateWay2Automation.registration()[pri:1, instance:com.way2automation.demo.tests.AutomateWay2Automation@4da4253] output={null}]]]>
              </value>
            </param>
          </params>
          <reporter-output>
          </reporter-output>
        </test-method> <!-- afterMethod -->
        <test-method is-config="true" signature="setup()[pri:0, instance:com.way2automation.demo.tests.AutomateWay2Automation@4da4253]" started-at="2020-08-07T23:50:13 IST" name="setup" finished-at="2020-08-07T23:50:24 IST" duration-ms="11286" status="PASS">
          <reporter-output>
          </reporter-output>
        </test-method> <!-- setup -->
        <test-method signature="dynamicElements()[pri:2, instance:com.way2automation.demo.tests.AutomateWay2Automation@4da4253]" started-at="2020-08-07T23:50:24 IST" name="dynamicElements" finished-at="2020-08-07T23:51:09 IST" duration-ms="44643" status="FAIL">
          <exception class="java.lang.AssertionError">
            <message>
              <![CDATA[expected [Argentina] but found []]]>
            </message>
            <full-stacktrace>
              <![CDATA[java.lang.AssertionError: expected [Argentina] but found []
at org.testng.Assert.fail(Assert.java:99)
at org.testng.Assert.failNotEquals(Assert.java:1037)
at org.testng.Assert.assertEqualsImpl(Assert.java:140)
at org.testng.Assert.assertEquals(Assert.java:122)
at org.testng.Assert.assertEquals(Assert.java:629)
at org.testng.Assert.assertEquals(Assert.java:639)
at com.way2automation.demo.tests.AutomateWay2Automation.dynamicElements(AutomateWay2Automation.java:139)
at java.base/jdk.internal.reflect.NativeMethodAccessorImpl.invoke0(Native Method)
at java.base/jdk.internal.reflect.NativeMethodAccessorImpl.invoke(NativeMethodAccessorImpl.java:62)
at java.base/jdk.internal.reflect.DelegatingMethodAccessorImpl.invoke(DelegatingMethodAccessorImpl.java:43)
at java.base/java.lang.reflect.Method.invoke(Method.java:566)
at org.testng.internal.MethodInvocationHelper.invokeMethod(MethodInvocationHelper.java:132)
at org.testng.internal.TestInvoker.invokeMethod(TestInvoker.java:599)
at org.testng.internal.TestInvoker.invokeTestMethod(TestInvoker.java:174)
at org.testng.internal.MethodRunner.runInSequence(MethodRunner.java:46)
at org.testng.internal.TestInvoker$MethodInvocationAgent.invoke(TestInvoker.java:822)
at org.testng.internal.TestInvoker.invokeTestMethods(TestInvoker.java:147)
at org.testng.internal.TestMethodWorker.invokeTestMethods(TestMethodWorker.java:146)
at org.testng.internal.TestMethodWorker.run(TestMethodWorker.java:128)
at java.base/java.util.ArrayList.forEach(ArrayList.java:1540)
at org.testng.TestRunner.privateRun(TestRunner.java:764)
at org.testng.TestRunner.run(TestRunner.java:585)
at org.testng.SuiteRunner.runTest(SuiteRunner.java:384)
at org.testng.SuiteRunner.runSequentially(SuiteRunner.java:378)
at org.testng.SuiteRunner.privateRun(SuiteRunner.java:337)
at org.testng.SuiteRunner.run(SuiteRunner.java:286)
at org.testng.SuiteRunnerWorker.runSuite(SuiteRunnerWorker.java:53)
at org.testng.SuiteRunnerWorker.run(SuiteRunnerWorker.java:96)
at org.testng.TestNG.runSuitesSequentially(TestNG.java:1218)
at org.testng.TestNG.runSuitesLocally(TestNG.java:1140)
at org.testng.TestNG.runSuites(TestNG.java:1069)
at org.testng.TestNG.run(TestNG.java:1037)
at org.testng.remote.AbstractRemoteTestNG.run(AbstractRemoteTestNG.java:115)
at org.testng.remote.RemoteTestNG.initAndRun(RemoteTestNG.java:251)
at org.testng.remote.RemoteTestNG.main(RemoteTestNG.java:77)
]]>
            </full-stacktrace>
          </exception> <!-- java.lang.AssertionError -->
          <reporter-output>
          </reporter-output>
        </test-method> <!-- dynamicElements -->
        <test-method is-config="true" signature="afterMethod(org.testng.ITestResult)[pri:0, instance:com.way2automation.demo.tests.AutomateWay2Automation@4da4253]" started-at="2020-08-07T23:51:09 IST" name="afterMethod" finished-at="2020-08-07T23:51:09 IST" duration-ms="885" status="PASS">
          <params>
            <param index="0">
              <value>
                <![CDATA[[TestResult name=dynamicElements status=FAILURE method=AutomateWay2Automation.dynamicElements()[pri:2, instance:com.way2automation.demo.tests.AutomateWay2Automation@4da4253] output={null}]]]>
              </value>
            </param>
          </params>
          <reporter-output>
          </reporter-output>
        </test-method> <!-- afterMethod -->
        <test-method is-config="true" signature="setup()[pri:0, instance:com.way2automation.demo.tests.AutomateWay2Automation@4da4253]" started-at="2020-08-07T23:51:09 IST" name="setup" finished-at="2020-08-07T23:51:22 IST" duration-ms="12211" status="PASS">
          <reporter-output>
          </reporter-output>
        </test-method> <!-- setup -->
        <test-method signature="WidgetsMenuTabs()[pri:3, instance:com.way2automation.demo.tests.AutomateWay2Automation@4da4253]" started-at="2020-08-07T23:51:22 IST" name="WidgetsMenuTabs" finished-at="2020-08-07T23:52:00 IST" duration-ms="38519" status="PASS">
          <reporter-output>
          </reporter-output>
        </test-method> <!-- WidgetsMenuTabs -->
        <test-method is-config="true" signature="afterMethod(org.testng.ITestResult)[pri:0, instance:com.way2automation.demo.tests.AutomateWay2Automation@4da4253]" started-at="2020-08-07T23:52:00 IST" name="afterMethod" finished-at="2020-08-07T23:52:01 IST" duration-ms="812" status="PASS">
          <params>
            <param index="0">
              <value>
                <![CDATA[[TestResult name=WidgetsMenuTabs status=SUCCESS method=AutomateWay2Automation.WidgetsMenuTabs()[pri:3, instance:com.way2automation.demo.tests.AutomateWay2Automation@4da4253] output={null}]]]>
              </value>
            </param>
          </params>
          <reporter-output>
          </reporter-output>
        </test-method> <!-- afterMethod -->
        <test-method is-config="true" signature="setup()[pri:0, instance:com.way2automation.demo.tests.AutomateWay2Automation@4da4253]" started-at="2020-08-07T23:52:01 IST" name="setup" finished-at="2020-08-07T23:52:12 IST" duration-ms="11074" status="PASS">
          <reporter-output>
          </reporter-output>
        </test-method> <!-- setup -->
        <test-method signature="Alerts()[pri:4, instance:com.way2automation.demo.tests.AutomateWay2Automation@4da4253]" started-at="2020-08-07T23:52:12 IST" name="Alerts" finished-at="2020-08-07T23:53:04 IST" duration-ms="51735" status="PASS">
          <reporter-output>
          </reporter-output>
        </test-method> <!-- Alerts -->
        <test-method is-config="true" signature="afterMethod(org.testng.ITestResult)[pri:0, instance:com.way2automation.demo.tests.AutomateWay2Automation@4da4253]" started-at="2020-08-07T23:53:04 IST" name="afterMethod" finished-at="2020-08-07T23:53:05 IST" duration-ms="826" status="PASS">
          <params>
            <param index="0">
              <value>
                <![CDATA[[TestResult name=Alerts status=SUCCESS method=AutomateWay2Automation.Alerts()[pri:4, instance:com.way2automation.demo.tests.AutomateWay2Automation@4da4253] output={null}]]]>
              </value>
            </param>
          </params>
          <reporter-output>
          </reporter-output>
        </test-method> <!-- afterMethod -->
        <test-method is-config="true" signature="setup()[pri:0, instance:com.way2automation.demo.tests.AutomateWay2Automation@4da4253]" started-at="2020-08-07T23:53:05 IST" name="setup" finished-at="2020-08-07T23:53:17 IST" duration-ms="11873" status="PASS">
          <reporter-output>
          </reporter-output>
        </test-method> <!-- setup -->
        <test-method signature="WidgetDatePicker()[pri:5, instance:com.way2automation.demo.tests.AutomateWay2Automation@4da4253]" started-at="2020-08-07T23:53:17 IST" name="WidgetDatePicker" finished-at="2020-08-07T23:53:53 IST" duration-ms="36229" status="PASS">
          <reporter-output>
          </reporter-output>
        </test-method> <!-- WidgetDatePicker -->
        <test-method is-config="true" signature="afterMethod(org.testng.ITestResult)[pri:0, instance:com.way2automation.demo.tests.AutomateWay2Automation@4da4253]" started-at="2020-08-07T23:53:53 IST" name="afterMethod" finished-at="2020-08-07T23:53:54 IST" duration-ms="921" status="PASS">
          <params>
            <param index="0">
              <value>
                <![CDATA[[TestResult name=WidgetDatePicker status=SUCCESS method=AutomateWay2Automation.WidgetDatePicker()[pri:5, instance:com.way2automation.demo.tests.AutomateWay2Automation@4da4253] output={null}]]]>
              </value>
            </param>
          </params>
          <reporter-output>
          </reporter-output>
        </test-method> <!-- afterMethod -->
        <test-method is-config="true" signature="setup()[pri:0, instance:com.way2automation.demo.tests.AutomateWay2Automation@4da4253]" started-at="2020-08-07T23:53:54 IST" name="setup" finished-at="2020-08-07T23:54:05 IST" duration-ms="11267" status="PASS">
          <reporter-output>
          </reporter-output>
        </test-method> <!-- setup -->
        <test-method signature="FramesAndWindows()[pri:6, instance:com.way2automation.demo.tests.AutomateWay2Automation@4da4253]" started-at="2020-08-07T23:54:05 IST" name="FramesAndWindows" finished-at="2020-08-07T23:54:45 IST" duration-ms="40361" status="PASS">
          <reporter-output>
          </reporter-output>
        </test-method> <!-- FramesAndWindows -->
        <test-method is-config="true" signature="afterMethod(org.testng.ITestResult)[pri:0, instance:com.way2automation.demo.tests.AutomateWay2Automation@4da4253]" started-at="2020-08-07T23:54:45 IST" name="afterMethod" finished-at="2020-08-07T23:54:46 IST" duration-ms="859" status="PASS">
          <params>
            <param index="0">
              <value>
                <![CDATA[[TestResult name=FramesAndWindows status=SUCCESS method=AutomateWay2Automation.FramesAndWindows()[pri:6, instance:com.way2automation.demo.tests.AutomateWay2Automation@4da4253] output={null}]]]>
              </value>
            </param>
          </params>
          <reporter-output>
          </reporter-output>
        </test-method> <!-- afterMethod -->
      </class> <!-- com.way2automation.demo.tests.AutomateWay2Automation -->
    </test> <!-- AutomateWay2Automation -->
  </suite> <!-- Way2AutomationDemo -->
</testng-results>
